2025-12-25 14:19:03,677 | INFO | Logging to outputs\hfreq\log\hfreq_run_20251225_141903.log
2025-12-25 14:19:03,678 | INFO | ==== hfreq runner start ====
2025-12-25 14:19:03,678 | INFO | jpeg_only=False
2025-12-25 14:19:03,705 | INFO | [doc] Train samples: 600 | Val samples: 200
2025-12-25 14:19:29,965 | INFO | [doc] epoch=1 loss=0.5706 val_auroc=0.8962
2025-12-25 14:19:29,970 | INFO | [doc] New best AUROC=0.8962 -> saved outputs\hfreq\doc\model_doc.pt
2025-12-25 14:19:54,101 | INFO | [doc] epoch=2 loss=0.4535 val_auroc=0.9008
2025-12-25 14:19:54,104 | INFO | [doc] New best AUROC=0.9008 -> saved outputs\hfreq\doc\model_doc.pt
2025-12-25 14:20:18,282 | INFO | [doc] epoch=3 loss=0.4404 val_auroc=0.9135
2025-12-25 14:20:18,286 | INFO | [doc] New best AUROC=0.9135 -> saved outputs\hfreq\doc\model_doc.pt
2025-12-25 14:20:43,919 | INFO | [doc] epoch=4 loss=0.4109 val_auroc=0.9256
2025-12-25 14:20:43,922 | INFO | [doc] New best AUROC=0.9256 -> saved outputs\hfreq\doc\model_doc.pt
2025-12-25 14:21:09,057 | INFO | [doc] epoch=5 loss=0.3834 val_auroc=0.9359
2025-12-25 14:21:09,061 | INFO | [doc] New best AUROC=0.9359 -> saved outputs\hfreq\doc\model_doc.pt
2025-12-25 14:21:35,298 | INFO | [doc] epoch=6 loss=0.3651 val_auroc=0.9480
2025-12-25 14:21:35,301 | INFO | [doc] New best AUROC=0.9480 -> saved outputs\hfreq\doc\model_doc.pt
2025-12-25 14:22:02,395 | INFO | [doc] epoch=7 loss=0.3498 val_auroc=0.9678
2025-12-25 14:22:02,400 | INFO | [doc] New best AUROC=0.9678 -> saved outputs\hfreq\doc\model_doc.pt
2025-12-25 14:22:30,161 | INFO | [doc] epoch=8 loss=0.3230 val_auroc=0.9691
2025-12-25 14:22:30,165 | INFO | [doc] New best AUROC=0.9691 -> saved outputs\hfreq\doc\model_doc.pt
2025-12-25 14:22:59,222 | INFO | [doc] epoch=9 loss=0.3251 val_auroc=0.9799
2025-12-25 14:22:59,225 | INFO | [doc] New best AUROC=0.9799 -> saved outputs\hfreq\doc\model_doc.pt
2025-12-25 14:23:26,202 | INFO | [doc] epoch=10 loss=0.2903 val_auroc=0.9796
2025-12-25 14:23:50,386 | INFO | [doc] epoch=11 loss=0.2884 val_auroc=0.9797
2025-12-25 14:24:16,090 | INFO | [doc] epoch=12 loss=0.2770 val_auroc=0.9836
2025-12-25 14:24:16,098 | INFO | [doc] New best AUROC=0.9836 -> saved outputs\hfreq\doc\model_doc.pt
2025-12-25 14:24:48,617 | INFO | [doc] epoch=13 loss=0.2525 val_auroc=0.9893
2025-12-25 14:24:48,621 | INFO | [doc] New best AUROC=0.9893 -> saved outputs\hfreq\doc\model_doc.pt
2025-12-25 14:25:13,885 | INFO | [doc] epoch=14 loss=0.2328 val_auroc=0.9882
2025-12-25 14:25:41,845 | INFO | [doc] epoch=15 loss=0.2192 val_auroc=0.9908
2025-12-25 14:25:41,849 | INFO | [doc] New best AUROC=0.9908 -> saved outputs\hfreq\doc\model_doc.pt
2025-12-25 14:26:15,168 | INFO | [doc] epoch=16 loss=0.2100 val_auroc=0.9952
2025-12-25 14:26:15,174 | INFO | [doc] New best AUROC=0.9952 -> saved outputs\hfreq\doc\model_doc.pt
2025-12-25 14:26:41,947 | INFO | [doc] epoch=17 loss=0.2074 val_auroc=0.9950
2025-12-25 14:27:10,145 | INFO | [doc] epoch=18 loss=0.1844 val_auroc=0.9962
2025-12-25 14:27:10,149 | INFO | [doc] New best AUROC=0.9962 -> saved outputs\hfreq\doc\model_doc.pt
2025-12-25 14:27:41,212 | INFO | [doc] epoch=19 loss=0.1743 val_auroc=0.9986
2025-12-25 14:27:41,217 | INFO | [doc] New best AUROC=0.9986 -> saved outputs\hfreq\doc\model_doc.pt
2025-12-25 14:28:09,167 | INFO | [doc] epoch=20 loss=0.1588 val_auroc=0.9964
2025-12-25 14:28:37,237 | INFO | [doc] epoch=21 loss=0.1737 val_auroc=0.9987
2025-12-25 14:29:05,670 | INFO | [doc] epoch=22 loss=0.1545 val_auroc=0.9993
2025-12-25 14:29:05,674 | INFO | [doc] New best AUROC=0.9993 -> saved outputs\hfreq\doc\model_doc.pt
2025-12-25 14:29:32,592 | INFO | [doc] epoch=23 loss=0.1470 val_auroc=0.9988
2025-12-25 14:30:02,271 | INFO | [doc] epoch=24 loss=0.1453 val_auroc=0.9986
2025-12-25 14:30:31,026 | INFO | [doc] epoch=25 loss=0.1440 val_auroc=0.9985
2025-12-25 14:31:00,543 | INFO | [doc] epoch=26 loss=0.1518 val_auroc=0.9992
2025-12-25 14:31:27,108 | INFO | [doc] epoch=27 loss=0.1280 val_auroc=0.9996
2025-12-25 14:31:27,112 | INFO | [doc] New best AUROC=0.9996 -> saved outputs\hfreq\doc\model_doc.pt
2025-12-25 14:31:50,706 | INFO | [doc] epoch=28 loss=0.1217 val_auroc=0.9997
2025-12-25 14:32:14,424 | INFO | [doc] epoch=29 loss=0.1178 val_auroc=0.9998
2025-12-25 14:32:14,427 | INFO | [doc] New best AUROC=0.9998 -> saved outputs\hfreq\doc\model_doc.pt
2025-12-25 14:32:38,750 | INFO | [doc] epoch=30 loss=0.1171 val_auroc=0.9997
2025-12-25 14:32:38,750 | INFO | [doc] Training complete. Best AUROC=0.9998
2025-12-25 14:32:38,794 | INFO | Scenario filter applied: doc
2025-12-25 14:32:38,794 | INFO | Scoring 200 samples from data/manifests/val.csv
2025-12-25 14:32:38,794 | INFO | JPEG mode: False
2025-12-25 14:32:44,650 | INFO | Wrote scores to outputs\hfreq\doc\scores_val.csv
2025-12-25 14:32:44,683 | INFO | Saved calibration to outputs\hfreq\doc\calibration.json
2025-12-25 14:32:44,687 | INFO | Scenario filter applied: doc
2025-12-25 14:32:44,687 | INFO | Scoring 200 samples from data/manifests/test_seen.csv
2025-12-25 14:32:44,687 | INFO | JPEG mode: False
2025-12-25 14:32:51,279 | INFO | Wrote scores to outputs\hfreq\doc\scores_test_seen.csv
2025-12-25 14:32:51,333 | INFO | Saved metrics to outputs\hfreq\doc\metrics_test_seen.json
2025-12-25 14:32:51,338 | INFO | Scenario filter applied: doc
2025-12-25 14:32:51,339 | INFO | Scoring 499 samples from data/manifests/test_unseen.csv
2025-12-25 14:32:51,339 | INFO | JPEG mode: False
2025-12-25 14:33:09,887 | INFO | Wrote scores to outputs\hfreq\doc\scores_test_unseen.csv
2025-12-25 14:33:09,951 | INFO | Saved metrics to outputs\hfreq\doc\metrics_test_unseen_nano25.json
2025-12-25 14:33:10,001 | INFO | Saved metrics to outputs\hfreq\doc\metrics_test_unseen_nanopro.json
2025-12-25 14:33:10,024 | INFO | [doc] summary written
2025-12-25 14:33:10,032 | INFO | [headshot] Train samples: 600 | Val samples: 200
2025-12-25 14:33:26,683 | INFO | [headshot] epoch=1 loss=0.6580 val_auroc=0.7805
2025-12-25 14:33:26,686 | INFO | [headshot] New best AUROC=0.7805 -> saved outputs\hfreq\headshot\model_headshot.pt
2025-12-25 14:33:43,328 | INFO | [headshot] epoch=2 loss=0.6003 val_auroc=0.7930
2025-12-25 14:33:43,331 | INFO | [headshot] New best AUROC=0.7930 -> saved outputs\hfreq\headshot\model_headshot.pt
2025-12-25 14:34:00,119 | INFO | [headshot] epoch=3 loss=0.5871 val_auroc=0.8295
2025-12-25 14:34:00,123 | INFO | [headshot] New best AUROC=0.8295 -> saved outputs\hfreq\headshot\model_headshot.pt
2025-12-25 14:34:16,918 | INFO | [headshot] epoch=4 loss=0.5503 val_auroc=0.8589
2025-12-25 14:34:16,922 | INFO | [headshot] New best AUROC=0.8589 -> saved outputs\hfreq\headshot\model_headshot.pt
2025-12-25 14:34:33,615 | INFO | [headshot] epoch=5 loss=0.5129 val_auroc=0.9081
2025-12-25 14:34:33,618 | INFO | [headshot] New best AUROC=0.9081 -> saved outputs\hfreq\headshot\model_headshot.pt
2025-12-25 14:34:50,376 | INFO | [headshot] epoch=6 loss=0.4871 val_auroc=0.9058
2025-12-25 14:35:07,140 | INFO | [headshot] epoch=7 loss=0.4672 val_auroc=0.9399
2025-12-25 14:35:07,144 | INFO | [headshot] New best AUROC=0.9399 -> saved outputs\hfreq\headshot\model_headshot.pt
2025-12-25 14:35:23,854 | INFO | [headshot] epoch=8 loss=0.4424 val_auroc=0.9326
2025-12-25 14:35:42,240 | INFO | [headshot] epoch=9 loss=0.4324 val_auroc=0.9352
2025-12-25 14:35:59,867 | INFO | [headshot] epoch=10 loss=0.4098 val_auroc=0.9435
2025-12-25 14:35:59,873 | INFO | [headshot] New best AUROC=0.9435 -> saved outputs\hfreq\headshot\model_headshot.pt
2025-12-25 14:36:16,959 | INFO | [headshot] epoch=11 loss=0.4091 val_auroc=0.9457
2025-12-25 14:36:16,965 | INFO | [headshot] New best AUROC=0.9457 -> saved outputs\hfreq\headshot\model_headshot.pt
2025-12-25 14:36:34,153 | INFO | [headshot] epoch=12 loss=0.4037 val_auroc=0.9431
2025-12-25 14:36:51,749 | INFO | [headshot] epoch=13 loss=0.3893 val_auroc=0.9433
2025-12-25 14:37:09,031 | INFO | [headshot] epoch=14 loss=0.3878 val_auroc=0.9382
2025-12-25 14:37:26,206 | INFO | [headshot] epoch=15 loss=0.3729 val_auroc=0.9450
2025-12-25 14:37:43,287 | INFO | [headshot] epoch=16 loss=0.3686 val_auroc=0.9471
2025-12-25 14:37:43,290 | INFO | [headshot] New best AUROC=0.9471 -> saved outputs\hfreq\headshot\model_headshot.pt
2025-12-25 14:38:00,558 | INFO | [headshot] epoch=17 loss=0.3709 val_auroc=0.9496
2025-12-25 14:38:00,561 | INFO | [headshot] New best AUROC=0.9496 -> saved outputs\hfreq\headshot\model_headshot.pt
2025-12-25 14:38:17,992 | INFO | [headshot] epoch=18 loss=0.3551 val_auroc=0.9490
2025-12-25 14:38:35,333 | INFO | [headshot] epoch=19 loss=0.3437 val_auroc=0.9508
2025-12-25 14:38:35,337 | INFO | [headshot] New best AUROC=0.9508 -> saved outputs\hfreq\headshot\model_headshot.pt
2025-12-25 14:38:52,814 | INFO | [headshot] epoch=20 loss=0.3322 val_auroc=0.9472
2025-12-25 14:39:10,108 | INFO | [headshot] epoch=21 loss=0.3544 val_auroc=0.9478
2025-12-25 14:39:27,521 | INFO | [headshot] epoch=22 loss=0.3352 val_auroc=0.9521
2025-12-25 14:39:27,526 | INFO | [headshot] New best AUROC=0.9521 -> saved outputs\hfreq\headshot\model_headshot.pt
2025-12-25 14:39:44,615 | INFO | [headshot] epoch=23 loss=0.3305 val_auroc=0.9527
2025-12-25 14:39:44,620 | INFO | [headshot] New best AUROC=0.9527 -> saved outputs\hfreq\headshot\model_headshot.pt
2025-12-25 14:40:02,243 | INFO | [headshot] epoch=24 loss=0.3229 val_auroc=0.9557
2025-12-25 14:40:02,247 | INFO | [headshot] New best AUROC=0.9557 -> saved outputs\hfreq\headshot\model_headshot.pt
2025-12-25 14:40:19,385 | INFO | [headshot] epoch=25 loss=0.3209 val_auroc=0.9578
2025-12-25 14:40:19,389 | INFO | [headshot] New best AUROC=0.9578 -> saved outputs\hfreq\headshot\model_headshot.pt
2025-12-25 14:40:36,620 | INFO | [headshot] epoch=26 loss=0.3290 val_auroc=0.9573
2025-12-25 14:40:53,758 | INFO | [headshot] epoch=27 loss=0.3108 val_auroc=0.9536
2025-12-25 14:41:10,973 | INFO | [headshot] epoch=28 loss=0.3133 val_auroc=0.9588
2025-12-25 14:41:10,977 | INFO | [headshot] New best AUROC=0.9588 -> saved outputs\hfreq\headshot\model_headshot.pt
2025-12-25 14:41:28,244 | INFO | [headshot] epoch=29 loss=0.3001 val_auroc=0.9584
2025-12-25 14:41:45,268 | INFO | [headshot] epoch=30 loss=0.2987 val_auroc=0.9613
2025-12-25 14:41:45,271 | INFO | [headshot] New best AUROC=0.9613 -> saved outputs\hfreq\headshot\model_headshot.pt
2025-12-25 14:41:45,272 | INFO | [headshot] Training complete. Best AUROC=0.9613
2025-12-25 14:41:45,327 | INFO | Scenario filter applied: headshot
2025-12-25 14:41:45,328 | INFO | Scoring 200 samples from data/manifests/val.csv
2025-12-25 14:41:45,328 | INFO | JPEG mode: False
2025-12-25 14:41:47,339 | INFO | Wrote scores to outputs\hfreq\headshot\scores_val.csv
2025-12-25 14:41:47,392 | INFO | Saved calibration to outputs\hfreq\headshot\calibration.json
2025-12-25 14:41:47,395 | INFO | Scenario filter applied: headshot
2025-12-25 14:41:47,395 | INFO | Scoring 200 samples from data/manifests/test_seen.csv
2025-12-25 14:41:47,396 | INFO | JPEG mode: False
2025-12-25 14:41:49,543 | INFO | Wrote scores to outputs\hfreq\headshot\scores_test_seen.csv
2025-12-25 14:41:49,611 | INFO | Saved metrics to outputs\hfreq\headshot\metrics_test_seen.json
2025-12-25 14:41:49,617 | INFO | Scenario filter applied: headshot
2025-12-25 14:41:49,617 | INFO | Scoring 499 samples from data/manifests/test_unseen.csv
2025-12-25 14:41:49,618 | INFO | JPEG mode: False
2025-12-25 14:42:08,285 | INFO | Wrote scores to outputs\hfreq\headshot\scores_test_unseen.csv
2025-12-25 14:42:08,344 | INFO | Saved metrics to outputs\hfreq\headshot\metrics_test_unseen_nano25.json
2025-12-25 14:42:08,399 | INFO | Saved metrics to outputs\hfreq\headshot\metrics_test_unseen_nanopro.json
2025-12-25 14:42:08,420 | INFO | [headshot] summary written
2025-12-25 14:42:08,429 | INFO | [scene] Train samples: 600 | Val samples: 200
2025-12-25 14:42:24,519 | INFO | [scene] epoch=1 loss=0.5073 val_auroc=0.9996
2025-12-25 14:42:24,522 | INFO | [scene] New best AUROC=0.9996 -> saved outputs\hfreq\scene\model_scene.pt
2025-12-25 14:42:40,470 | INFO | [scene] epoch=2 loss=0.3049 val_auroc=0.9993
2025-12-25 14:42:56,728 | INFO | [scene] epoch=3 loss=0.2364 val_auroc=1.0000
2025-12-25 14:42:56,732 | INFO | [scene] New best AUROC=1.0000 -> saved outputs\hfreq\scene\model_scene.pt
2025-12-25 14:43:12,936 | INFO | [scene] epoch=4 loss=0.1692 val_auroc=1.0000
2025-12-25 14:43:28,738 | INFO | [scene] epoch=5 loss=0.1363 val_auroc=1.0000
2025-12-25 14:43:44,624 | INFO | [scene] epoch=6 loss=0.1205 val_auroc=1.0000
2025-12-25 14:44:00,707 | INFO | [scene] epoch=7 loss=0.1195 val_auroc=1.0000
2025-12-25 14:44:16,921 | INFO | [scene] epoch=8 loss=0.0961 val_auroc=1.0000
2025-12-25 14:44:16,921 | INFO | [scene] Early stopping.
2025-12-25 14:44:16,922 | INFO | [scene] Training complete. Best AUROC=1.0000
2025-12-25 14:44:16,970 | INFO | Scenario filter applied: scene
2025-12-25 14:44:16,970 | INFO | Scoring 200 samples from data/manifests/val.csv
2025-12-25 14:44:16,970 | INFO | JPEG mode: False
2025-12-25 14:44:18,873 | INFO | Wrote scores to outputs\hfreq\scene\scores_val.csv
2025-12-25 14:44:18,912 | INFO | Saved calibration to outputs\hfreq\scene\calibration.json
2025-12-25 14:44:18,918 | INFO | Scenario filter applied: scene
2025-12-25 14:44:18,918 | INFO | Scoring 200 samples from data/manifests/test_seen.csv
2025-12-25 14:44:18,918 | INFO | JPEG mode: False
2025-12-25 14:44:20,833 | INFO | Wrote scores to outputs\hfreq\scene\scores_test_seen.csv
2025-12-25 14:44:20,858 | INFO | Saved metrics to outputs\hfreq\scene\metrics_test_seen.json
2025-12-25 14:44:20,866 | INFO | Scenario filter applied: scene
2025-12-25 14:44:20,866 | INFO | Scoring 499 samples from data/manifests/test_unseen.csv
2025-12-25 14:44:20,866 | INFO | JPEG mode: False
2025-12-25 14:44:42,412 | INFO | Wrote scores to outputs\hfreq\scene\scores_test_unseen.csv
2025-12-25 14:44:42,466 | INFO | Saved metrics to outputs\hfreq\scene\metrics_test_unseen_nano25.json
2025-12-25 14:44:42,482 | INFO | Saved metrics to outputs\hfreq\scene\metrics_test_unseen_nanopro.json
2025-12-25 14:44:42,486 | INFO | [scene] summary written
2025-12-25 14:44:42,486 | INFO | ==== hfreq full PNG pipeline complete ====
