2025-12-25 12:49:14,220 | INFO | Logging to outputs\hfreq\log\hfreq_run_20251225_124914.log
2025-12-25 12:49:14,220 | INFO | ==== hfreq runner start ====
2025-12-25 12:49:14,220 | INFO | jpeg_only=False
2025-12-25 12:49:14,246 | INFO | [doc] Train samples: 600 | Val samples: 200
2025-12-25 12:49:38,204 | INFO | [doc] epoch=1 loss=0.5706 val_auroc=0.8961
2025-12-25 12:49:38,209 | INFO | [doc] New best AUROC=0.8961 -> saved outputs\hfreq\doc\model_doc.pt
2025-12-25 12:50:01,895 | INFO | [doc] epoch=2 loss=0.4535 val_auroc=0.9009
2025-12-25 12:50:01,900 | INFO | [doc] New best AUROC=0.9009 -> saved outputs\hfreq\doc\model_doc.pt
2025-12-25 12:50:26,319 | INFO | [doc] epoch=3 loss=0.4405 val_auroc=0.9135
2025-12-25 12:50:26,323 | INFO | [doc] New best AUROC=0.9135 -> saved outputs\hfreq\doc\model_doc.pt
2025-12-25 12:50:50,202 | INFO | [doc] epoch=4 loss=0.4109 val_auroc=0.9256
2025-12-25 12:50:50,205 | INFO | [doc] New best AUROC=0.9256 -> saved outputs\hfreq\doc\model_doc.pt
2025-12-25 12:51:13,943 | INFO | [doc] epoch=5 loss=0.3834 val_auroc=0.9359
2025-12-25 12:51:13,946 | INFO | [doc] New best AUROC=0.9359 -> saved outputs\hfreq\doc\model_doc.pt
2025-12-25 12:51:37,398 | INFO | [doc] epoch=6 loss=0.3652 val_auroc=0.9480
2025-12-25 12:51:37,402 | INFO | [doc] New best AUROC=0.9480 -> saved outputs\hfreq\doc\model_doc.pt
2025-12-25 12:52:01,340 | INFO | [doc] epoch=7 loss=0.3498 val_auroc=0.9678
2025-12-25 12:52:01,343 | INFO | [doc] New best AUROC=0.9678 -> saved outputs\hfreq\doc\model_doc.pt
2025-12-25 12:52:24,748 | INFO | [doc] epoch=8 loss=0.3231 val_auroc=0.9691
2025-12-25 12:52:24,751 | INFO | [doc] New best AUROC=0.9691 -> saved outputs\hfreq\doc\model_doc.pt
2025-12-25 12:52:53,284 | INFO | [doc] epoch=9 loss=0.3251 val_auroc=0.9799
2025-12-25 12:52:53,288 | INFO | [doc] New best AUROC=0.9799 -> saved outputs\hfreq\doc\model_doc.pt
2025-12-25 12:53:22,164 | INFO | [doc] epoch=10 loss=0.2903 val_auroc=0.9796
2025-12-25 12:53:51,179 | INFO | [doc] epoch=11 loss=0.2884 val_auroc=0.9797
2025-12-25 12:54:17,798 | INFO | [doc] epoch=12 loss=0.2770 val_auroc=0.9836
2025-12-25 12:54:17,802 | INFO | [doc] New best AUROC=0.9836 -> saved outputs\hfreq\doc\model_doc.pt
2025-12-25 12:54:44,365 | INFO | [doc] epoch=13 loss=0.2525 val_auroc=0.9893
2025-12-25 12:54:44,371 | INFO | [doc] New best AUROC=0.9893 -> saved outputs\hfreq\doc\model_doc.pt
2025-12-25 12:55:12,365 | INFO | [doc] epoch=14 loss=0.2328 val_auroc=0.9882
2025-12-25 12:55:42,647 | INFO | [doc] epoch=15 loss=0.2192 val_auroc=0.9908
2025-12-25 12:55:42,651 | INFO | [doc] New best AUROC=0.9908 -> saved outputs\hfreq\doc\model_doc.pt
2025-12-25 12:56:09,635 | INFO | [doc] epoch=16 loss=0.2100 val_auroc=0.9952
2025-12-25 12:56:09,639 | INFO | [doc] New best AUROC=0.9952 -> saved outputs\hfreq\doc\model_doc.pt
2025-12-25 12:56:34,381 | INFO | [doc] epoch=17 loss=0.2074 val_auroc=0.9949
2025-12-25 12:56:59,161 | INFO | [doc] epoch=18 loss=0.1844 val_auroc=0.9962
2025-12-25 12:56:59,165 | INFO | [doc] New best AUROC=0.9962 -> saved outputs\hfreq\doc\model_doc.pt
2025-12-25 12:57:24,044 | INFO | [doc] epoch=19 loss=0.1743 val_auroc=0.9986
2025-12-25 12:57:24,047 | INFO | [doc] New best AUROC=0.9986 -> saved outputs\hfreq\doc\model_doc.pt
2025-12-25 12:57:48,977 | INFO | [doc] epoch=20 loss=0.1588 val_auroc=0.9964
2025-12-25 12:58:14,065 | INFO | [doc] epoch=21 loss=0.1737 val_auroc=0.9987
2025-12-25 12:58:38,640 | INFO | [doc] epoch=22 loss=0.1545 val_auroc=0.9993
2025-12-25 12:58:38,644 | INFO | [doc] New best AUROC=0.9993 -> saved outputs\hfreq\doc\model_doc.pt
2025-12-25 12:59:03,806 | INFO | [doc] epoch=23 loss=0.1470 val_auroc=0.9988
2025-12-25 12:59:28,519 | INFO | [doc] epoch=24 loss=0.1453 val_auroc=0.9986
2025-12-25 12:59:53,434 | INFO | [doc] epoch=25 loss=0.1440 val_auroc=0.9985
2025-12-25 13:00:18,766 | INFO | [doc] epoch=26 loss=0.1518 val_auroc=0.9992
2025-12-25 13:00:42,964 | INFO | [doc] epoch=27 loss=0.1280 val_auroc=0.9996
2025-12-25 13:00:42,970 | INFO | [doc] New best AUROC=0.9996 -> saved outputs\hfreq\doc\model_doc.pt
2025-12-25 13:01:07,962 | INFO | [doc] epoch=28 loss=0.1217 val_auroc=0.9997
2025-12-25 13:01:32,268 | INFO | [doc] epoch=29 loss=0.1178 val_auroc=0.9998
2025-12-25 13:01:32,272 | INFO | [doc] New best AUROC=0.9998 -> saved outputs\hfreq\doc\model_doc.pt
2025-12-25 13:01:56,802 | INFO | [doc] epoch=30 loss=0.1170 val_auroc=0.9997
2025-12-25 13:01:56,803 | INFO | [doc] Training complete. Best AUROC=0.9998
2025-12-25 13:01:56,861 | INFO | Scenario filter applied: doc
2025-12-25 13:01:56,862 | INFO | Scoring 200 samples from data/manifests/val.csv
2025-12-25 13:01:56,862 | INFO | JPEG mode: False
2025-12-25 13:02:02,895 | INFO | Wrote scores to outputs\hfreq\doc\scores_val.csv
2025-12-25 13:02:02,924 | INFO | Saved calibration to outputs\hfreq\doc\calibration.json
2025-12-25 13:02:02,928 | INFO | Scenario filter applied: doc
2025-12-25 13:02:02,929 | INFO | Scoring 200 samples from data/manifests/test_seen.csv
2025-12-25 13:02:02,929 | INFO | JPEG mode: False
2025-12-25 13:02:09,633 | INFO | Wrote scores to outputs\hfreq\doc\scores_test_seen.csv
2025-12-25 13:02:09,677 | INFO | Saved metrics to outputs\hfreq\doc\metrics_test_seen.json
2025-12-25 13:02:09,683 | INFO | Scenario filter applied: doc
2025-12-25 13:02:09,683 | INFO | Scoring 499 samples from data/manifests/test_unseen.csv
2025-12-25 13:02:09,684 | INFO | JPEG mode: False
2025-12-25 13:02:28,870 | INFO | Wrote scores to outputs\hfreq\doc\scores_test_unseen.csv
2025-12-25 13:02:28,931 | INFO | Saved metrics to outputs\hfreq\doc\metrics_test_unseen_nano25.json
2025-12-25 13:02:28,976 | INFO | Saved metrics to outputs\hfreq\doc\metrics_test_unseen_nanopro.json
2025-12-25 13:02:28,987 | INFO | [doc] summary written
2025-12-25 13:02:28,996 | INFO | [headshot] Train samples: 600 | Val samples: 200
2025-12-25 13:02:48,202 | INFO | [headshot] epoch=1 loss=0.6580 val_auroc=0.7804
2025-12-25 13:02:48,209 | INFO | [headshot] New best AUROC=0.7804 -> saved outputs\hfreq\headshot\model_headshot.pt
2025-12-25 13:03:06,433 | INFO | [headshot] epoch=2 loss=0.6003 val_auroc=0.7930
2025-12-25 13:03:06,437 | INFO | [headshot] New best AUROC=0.7930 -> saved outputs\hfreq\headshot\model_headshot.pt
2025-12-25 13:03:23,657 | INFO | [headshot] epoch=3 loss=0.5871 val_auroc=0.8295
2025-12-25 13:03:23,661 | INFO | [headshot] New best AUROC=0.8295 -> saved outputs\hfreq\headshot\model_headshot.pt
2025-12-25 13:03:40,965 | INFO | [headshot] epoch=4 loss=0.5503 val_auroc=0.8588
2025-12-25 13:03:40,969 | INFO | [headshot] New best AUROC=0.8588 -> saved outputs\hfreq\headshot\model_headshot.pt
2025-12-25 13:03:58,321 | INFO | [headshot] epoch=5 loss=0.5129 val_auroc=0.9081
2025-12-25 13:03:58,324 | INFO | [headshot] New best AUROC=0.9081 -> saved outputs\hfreq\headshot\model_headshot.pt
2025-12-25 13:04:15,726 | INFO | [headshot] epoch=6 loss=0.4872 val_auroc=0.9058
2025-12-25 13:04:32,803 | INFO | [headshot] epoch=7 loss=0.4673 val_auroc=0.9398
2025-12-25 13:04:32,807 | INFO | [headshot] New best AUROC=0.9398 -> saved outputs\hfreq\headshot\model_headshot.pt
2025-12-25 13:04:50,112 | INFO | [headshot] epoch=8 loss=0.4425 val_auroc=0.9326
2025-12-25 13:05:07,401 | INFO | [headshot] epoch=9 loss=0.4324 val_auroc=0.9352
2025-12-25 13:05:24,452 | INFO | [headshot] epoch=10 loss=0.4098 val_auroc=0.9434
2025-12-25 13:05:24,457 | INFO | [headshot] New best AUROC=0.9434 -> saved outputs\hfreq\headshot\model_headshot.pt
2025-12-25 13:05:41,751 | INFO | [headshot] epoch=11 loss=0.4091 val_auroc=0.9456
2025-12-25 13:05:41,756 | INFO | [headshot] New best AUROC=0.9456 -> saved outputs\hfreq\headshot\model_headshot.pt
2025-12-25 13:05:58,914 | INFO | [headshot] epoch=12 loss=0.4037 val_auroc=0.9431
2025-12-25 13:06:16,180 | INFO | [headshot] epoch=13 loss=0.3893 val_auroc=0.9433
2025-12-25 13:06:33,468 | INFO | [headshot] epoch=14 loss=0.3878 val_auroc=0.9382
2025-12-25 13:06:50,871 | INFO | [headshot] epoch=15 loss=0.3729 val_auroc=0.9450
2025-12-25 13:07:07,995 | INFO | [headshot] epoch=16 loss=0.3686 val_auroc=0.9470
2025-12-25 13:07:07,999 | INFO | [headshot] New best AUROC=0.9470 -> saved outputs\hfreq\headshot\model_headshot.pt
2025-12-25 13:07:25,144 | INFO | [headshot] epoch=17 loss=0.3709 val_auroc=0.9496
2025-12-25 13:07:25,148 | INFO | [headshot] New best AUROC=0.9496 -> saved outputs\hfreq\headshot\model_headshot.pt
2025-12-25 13:07:42,261 | INFO | [headshot] epoch=18 loss=0.3552 val_auroc=0.9491
2025-12-25 13:07:59,629 | INFO | [headshot] epoch=19 loss=0.3437 val_auroc=0.9508
2025-12-25 13:07:59,632 | INFO | [headshot] New best AUROC=0.9508 -> saved outputs\hfreq\headshot\model_headshot.pt
2025-12-25 13:08:16,779 | INFO | [headshot] epoch=20 loss=0.3322 val_auroc=0.9473
2025-12-25 13:08:34,160 | INFO | [headshot] epoch=21 loss=0.3544 val_auroc=0.9477
2025-12-25 13:08:51,487 | INFO | [headshot] epoch=22 loss=0.3352 val_auroc=0.9522
2025-12-25 13:08:51,492 | INFO | [headshot] New best AUROC=0.9522 -> saved outputs\hfreq\headshot\model_headshot.pt
2025-12-25 13:09:08,765 | INFO | [headshot] epoch=23 loss=0.3305 val_auroc=0.9528
2025-12-25 13:09:08,769 | INFO | [headshot] New best AUROC=0.9528 -> saved outputs\hfreq\headshot\model_headshot.pt
2025-12-25 13:09:26,069 | INFO | [headshot] epoch=24 loss=0.3229 val_auroc=0.9557
2025-12-25 13:09:26,072 | INFO | [headshot] New best AUROC=0.9557 -> saved outputs\hfreq\headshot\model_headshot.pt
2025-12-25 13:09:43,223 | INFO | [headshot] epoch=25 loss=0.3210 val_auroc=0.9579
2025-12-25 13:09:43,227 | INFO | [headshot] New best AUROC=0.9579 -> saved outputs\hfreq\headshot\model_headshot.pt
2025-12-25 13:10:00,580 | INFO | [headshot] epoch=26 loss=0.3290 val_auroc=0.9573
2025-12-25 13:10:17,823 | INFO | [headshot] epoch=27 loss=0.3108 val_auroc=0.9538
2025-12-25 13:10:35,051 | INFO | [headshot] epoch=28 loss=0.3133 val_auroc=0.9588
2025-12-25 13:10:35,054 | INFO | [headshot] New best AUROC=0.9588 -> saved outputs\hfreq\headshot\model_headshot.pt
2025-12-25 13:10:52,345 | INFO | [headshot] epoch=29 loss=0.3001 val_auroc=0.9584
2025-12-25 13:11:09,550 | INFO | [headshot] epoch=30 loss=0.2987 val_auroc=0.9614
2025-12-25 13:11:09,554 | INFO | [headshot] New best AUROC=0.9614 -> saved outputs\hfreq\headshot\model_headshot.pt
2025-12-25 13:11:09,554 | INFO | [headshot] Training complete. Best AUROC=0.9614
2025-12-25 13:11:09,605 | INFO | Scenario filter applied: headshot
2025-12-25 13:11:09,606 | INFO | Scoring 200 samples from data/manifests/val.csv
2025-12-25 13:11:09,606 | INFO | JPEG mode: False
2025-12-25 13:11:11,672 | INFO | Wrote scores to outputs\hfreq\headshot\scores_val.csv
2025-12-25 13:11:11,705 | INFO | Saved calibration to outputs\hfreq\headshot\calibration.json
2025-12-25 13:11:11,709 | INFO | Scenario filter applied: headshot
2025-12-25 13:11:11,709 | INFO | Scoring 200 samples from data/manifests/test_seen.csv
2025-12-25 13:11:11,709 | INFO | JPEG mode: False
2025-12-25 13:11:13,892 | INFO | Wrote scores to outputs\hfreq\headshot\scores_test_seen.csv
2025-12-25 13:11:13,939 | INFO | Saved metrics to outputs\hfreq\headshot\metrics_test_seen.json
2025-12-25 13:11:13,945 | INFO | Scenario filter applied: headshot
2025-12-25 13:11:13,945 | INFO | Scoring 499 samples from data/manifests/test_unseen.csv
2025-12-25 13:11:13,945 | INFO | JPEG mode: False
2025-12-25 13:11:32,928 | INFO | Wrote scores to outputs\hfreq\headshot\scores_test_unseen.csv
2025-12-25 13:11:32,984 | INFO | Saved metrics to outputs\hfreq\headshot\metrics_test_unseen_nano25.json
2025-12-25 13:11:33,036 | INFO | Saved metrics to outputs\hfreq\headshot\metrics_test_unseen_nanopro.json
2025-12-25 13:11:33,079 | INFO | [headshot] summary written
2025-12-25 13:11:33,087 | INFO | [scene] Train samples: 600 | Val samples: 200
2025-12-25 13:11:49,141 | INFO | [scene] epoch=1 loss=0.5073 val_auroc=0.9996
2025-12-25 13:11:49,147 | INFO | [scene] New best AUROC=0.9996 -> saved outputs\hfreq\scene\model_scene.pt
2025-12-25 13:12:05,227 | INFO | [scene] epoch=2 loss=0.3049 val_auroc=0.9993
2025-12-25 13:12:21,215 | INFO | [scene] epoch=3 loss=0.2364 val_auroc=1.0000
2025-12-25 13:12:21,219 | INFO | [scene] New best AUROC=1.0000 -> saved outputs\hfreq\scene\model_scene.pt
2025-12-25 13:12:37,197 | INFO | [scene] epoch=4 loss=0.1692 val_auroc=1.0000
2025-12-25 13:12:53,370 | INFO | [scene] epoch=5 loss=0.1363 val_auroc=1.0000
2025-12-25 13:13:09,566 | INFO | [scene] epoch=6 loss=0.1205 val_auroc=1.0000
2025-12-25 13:13:25,779 | INFO | [scene] epoch=7 loss=0.1195 val_auroc=1.0000
2025-12-25 13:13:41,771 | INFO | [scene] epoch=8 loss=0.0961 val_auroc=1.0000
2025-12-25 13:13:41,771 | INFO | [scene] Early stopping.
2025-12-25 13:13:41,772 | INFO | [scene] Training complete. Best AUROC=1.0000
2025-12-25 13:13:41,814 | INFO | Scenario filter applied: scene
2025-12-25 13:13:41,814 | INFO | Scoring 200 samples from data/manifests/val.csv
2025-12-25 13:13:41,815 | INFO | JPEG mode: False
2025-12-25 13:13:43,122 | INFO | Wrote scores to outputs\hfreq\scene\scores_val.csv
2025-12-25 13:13:43,152 | INFO | Saved calibration to outputs\hfreq\scene\calibration.json
2025-12-25 13:13:43,155 | INFO | Scenario filter applied: scene
2025-12-25 13:13:43,155 | INFO | Scoring 200 samples from data/manifests/test_seen.csv
2025-12-25 13:13:43,155 | INFO | JPEG mode: False
2025-12-25 13:13:44,536 | INFO | Wrote scores to outputs\hfreq\scene\scores_test_seen.csv
2025-12-25 13:13:44,584 | INFO | Saved metrics to outputs\hfreq\scene\metrics_test_seen.json
2025-12-25 13:13:44,589 | INFO | Scenario filter applied: scene
2025-12-25 13:13:44,589 | INFO | Scoring 499 samples from data/manifests/test_unseen.csv
2025-12-25 13:13:44,590 | INFO | JPEG mode: False
2025-12-25 13:14:03,707 | INFO | Wrote scores to outputs\hfreq\scene\scores_test_unseen.csv
2025-12-25 13:14:03,777 | INFO | Saved metrics to outputs\hfreq\scene\metrics_test_unseen_nano25.json
2025-12-25 13:14:03,828 | INFO | Saved metrics to outputs\hfreq\scene\metrics_test_unseen_nanopro.json
2025-12-25 13:14:03,831 | INFO | [scene] summary written
2025-12-25 13:14:03,832 | INFO | ==== hfreq full PNG pipeline complete ====
