2025-12-25 12:19:02,166 | INFO | Logging to outputs\hfreq\log\hfreq_run_20251225_121902.log
2025-12-25 12:19:02,167 | INFO | ==== hfreq runner start ====
2025-12-25 12:19:02,167 | INFO | jpeg_only=False
2025-12-25 12:19:02,245 | INFO | [doc] Train samples: 600 | Val samples: 200
2025-12-25 12:19:27,916 | INFO | [doc] epoch=1 loss=0.5706 val_auroc=0.8962
2025-12-25 12:19:27,948 | INFO | [doc] New best AUROC=0.8962 -> saved outputs\hfreq\doc\model_doc.pt
2025-12-25 12:19:52,147 | INFO | [doc] epoch=2 loss=0.4535 val_auroc=0.9009
2025-12-25 12:19:52,151 | INFO | [doc] New best AUROC=0.9009 -> saved outputs\hfreq\doc\model_doc.pt
2025-12-25 12:20:16,223 | INFO | [doc] epoch=3 loss=0.4405 val_auroc=0.9135
2025-12-25 12:20:16,226 | INFO | [doc] New best AUROC=0.9135 -> saved outputs\hfreq\doc\model_doc.pt
2025-12-25 12:20:40,613 | INFO | [doc] epoch=4 loss=0.4109 val_auroc=0.9256
2025-12-25 12:20:40,617 | INFO | [doc] New best AUROC=0.9256 -> saved outputs\hfreq\doc\model_doc.pt
2025-12-25 12:21:05,002 | INFO | [doc] epoch=5 loss=0.3834 val_auroc=0.9360
2025-12-25 12:21:05,006 | INFO | [doc] New best AUROC=0.9360 -> saved outputs\hfreq\doc\model_doc.pt
2025-12-25 12:21:28,866 | INFO | [doc] epoch=6 loss=0.3652 val_auroc=0.9480
2025-12-25 12:21:28,869 | INFO | [doc] New best AUROC=0.9480 -> saved outputs\hfreq\doc\model_doc.pt
2025-12-25 12:21:52,980 | INFO | [doc] epoch=7 loss=0.3498 val_auroc=0.9678
2025-12-25 12:21:52,983 | INFO | [doc] New best AUROC=0.9678 -> saved outputs\hfreq\doc\model_doc.pt
2025-12-25 12:22:16,525 | INFO | [doc] epoch=8 loss=0.3231 val_auroc=0.9691
2025-12-25 12:22:16,528 | INFO | [doc] New best AUROC=0.9691 -> saved outputs\hfreq\doc\model_doc.pt
2025-12-25 12:22:40,137 | INFO | [doc] epoch=9 loss=0.3251 val_auroc=0.9799
2025-12-25 12:22:40,141 | INFO | [doc] New best AUROC=0.9799 -> saved outputs\hfreq\doc\model_doc.pt
2025-12-25 12:23:04,215 | INFO | [doc] epoch=10 loss=0.2903 val_auroc=0.9796
2025-12-25 12:23:27,961 | INFO | [doc] epoch=11 loss=0.2884 val_auroc=0.9797
2025-12-25 12:23:51,766 | INFO | [doc] epoch=12 loss=0.2770 val_auroc=0.9836
2025-12-25 12:23:51,770 | INFO | [doc] New best AUROC=0.9836 -> saved outputs\hfreq\doc\model_doc.pt
2025-12-25 12:24:15,383 | INFO | [doc] epoch=13 loss=0.2525 val_auroc=0.9893
2025-12-25 12:24:15,388 | INFO | [doc] New best AUROC=0.9893 -> saved outputs\hfreq\doc\model_doc.pt
2025-12-25 12:24:38,795 | INFO | [doc] epoch=14 loss=0.2328 val_auroc=0.9883
2025-12-25 12:25:02,369 | INFO | [doc] epoch=15 loss=0.2192 val_auroc=0.9908
2025-12-25 12:25:02,373 | INFO | [doc] New best AUROC=0.9908 -> saved outputs\hfreq\doc\model_doc.pt
2025-12-25 12:25:27,064 | INFO | [doc] epoch=16 loss=0.2100 val_auroc=0.9952
2025-12-25 12:25:27,068 | INFO | [doc] New best AUROC=0.9952 -> saved outputs\hfreq\doc\model_doc.pt
2025-12-25 12:25:53,581 | INFO | [doc] epoch=17 loss=0.2074 val_auroc=0.9948
2025-12-25 12:26:18,789 | INFO | [doc] epoch=18 loss=0.1844 val_auroc=0.9962
2025-12-25 12:26:18,792 | INFO | [doc] New best AUROC=0.9962 -> saved outputs\hfreq\doc\model_doc.pt
2025-12-25 12:26:43,866 | INFO | [doc] epoch=19 loss=0.1743 val_auroc=0.9986
2025-12-25 12:26:43,870 | INFO | [doc] New best AUROC=0.9986 -> saved outputs\hfreq\doc\model_doc.pt
2025-12-25 12:27:09,111 | INFO | [doc] epoch=20 loss=0.1588 val_auroc=0.9964
2025-12-25 12:27:34,802 | INFO | [doc] epoch=21 loss=0.1737 val_auroc=0.9987
2025-12-25 12:27:59,846 | INFO | [doc] epoch=22 loss=0.1545 val_auroc=0.9993
2025-12-25 12:27:59,849 | INFO | [doc] New best AUROC=0.9993 -> saved outputs\hfreq\doc\model_doc.pt
2025-12-25 12:28:25,265 | INFO | [doc] epoch=23 loss=0.1470 val_auroc=0.9988
2025-12-25 12:28:49,749 | INFO | [doc] epoch=24 loss=0.1453 val_auroc=0.9986
2025-12-25 12:29:14,737 | INFO | [doc] epoch=25 loss=0.1440 val_auroc=0.9985
2025-12-25 12:29:39,441 | INFO | [doc] epoch=26 loss=0.1518 val_auroc=0.9992
2025-12-25 12:30:04,101 | INFO | [doc] epoch=27 loss=0.1280 val_auroc=0.9996
2025-12-25 12:30:04,105 | INFO | [doc] New best AUROC=0.9996 -> saved outputs\hfreq\doc\model_doc.pt
2025-12-25 12:30:28,285 | INFO | [doc] epoch=28 loss=0.1217 val_auroc=0.9997
2025-12-25 12:30:52,562 | INFO | [doc] epoch=29 loss=0.1178 val_auroc=0.9998
2025-12-25 12:30:52,566 | INFO | [doc] New best AUROC=0.9998 -> saved outputs\hfreq\doc\model_doc.pt
2025-12-25 12:31:17,410 | INFO | [doc] epoch=30 loss=0.1170 val_auroc=0.9997
2025-12-25 12:31:17,412 | INFO | [doc] Training complete. Best AUROC=0.9998
2025-12-25 12:31:17,454 | INFO | Scenario filter applied: doc
2025-12-25 12:31:17,454 | INFO | Scoring 200 samples from data/manifests/val.csv
2025-12-25 12:31:17,454 | INFO | JPEG mode: False
2025-12-25 12:31:23,773 | INFO | Wrote scores to outputs\hfreq\doc\scores_val.csv
2025-12-25 12:31:23,813 | INFO | Saved calibration to outputs\hfreq\doc\calibration.json
2025-12-25 12:31:23,817 | INFO | Scenario filter applied: doc
2025-12-25 12:31:23,817 | INFO | Scoring 200 samples from data/manifests/test_seen.csv
2025-12-25 12:31:23,817 | INFO | JPEG mode: False
2025-12-25 12:31:30,392 | INFO | Wrote scores to outputs\hfreq\doc\scores_test_seen.csv
2025-12-25 12:31:30,466 | INFO | Saved metrics to outputs\hfreq\doc\metrics_test_seen.json
2025-12-25 12:31:30,472 | INFO | Scenario filter applied: doc
2025-12-25 12:31:30,472 | INFO | Scoring 499 samples from data/manifests/test_unseen.csv
2025-12-25 12:31:30,472 | INFO | JPEG mode: False
2025-12-25 12:31:49,156 | INFO | Wrote scores to outputs\hfreq\doc\scores_test_unseen.csv
2025-12-25 12:31:49,211 | INFO | Saved metrics to outputs\hfreq\doc\metrics_test_unseen_nano25.json
2025-12-25 12:31:49,241 | INFO | Saved metrics to outputs\hfreq\doc\metrics_test_unseen_nanopro.json
2025-12-25 12:31:49,264 | INFO | [doc] summary written
2025-12-25 12:31:49,273 | INFO | [headshot] Train samples: 600 | Val samples: 200
2025-12-25 12:32:06,202 | INFO | [headshot] epoch=1 loss=0.6580 val_auroc=0.7804
2025-12-25 12:32:06,205 | INFO | [headshot] New best AUROC=0.7804 -> saved outputs\hfreq\headshot\model_headshot.pt
