2025-12-25 11:27:30,151 | INFO | Logging to outputs\hfreq\log\hfreq_run_20251225_112730.log
2025-12-25 11:27:30,152 | INFO | ==== hfreq runner start ====
2025-12-25 11:27:30,152 | INFO | train_csv=data/manifests/train.csv
2025-12-25 11:27:30,153 | INFO | val_csv=data/manifests/val.csv
2025-12-25 11:27:30,153 | INFO | test_seen_csv=data/manifests/test_seen.csv
2025-12-25 11:27:30,153 | INFO | test_unseen_csv=data/manifests/test_unseen.csv
2025-12-25 11:27:30,153 | INFO | fpr_targets=[0.01, 0.001]
2025-12-25 11:27:30,154 | INFO | jpeg_only=False
2025-12-25 11:27:30,206 | INFO | [doc] Train samples: 600 | Val samples: 200
2025-12-25 11:28:36,193 | INFO | [doc] epoch=1 loss=0.5706 val_auroc=0.8961
2025-12-25 11:28:36,206 | INFO | [doc] New best AUROC=0.8961 -> saved outputs\hfreq\doc\model_doc.pt
2025-12-25 11:29:27,315 | INFO | [doc] epoch=2 loss=0.4535 val_auroc=0.9008
2025-12-25 11:29:27,320 | INFO | [doc] New best AUROC=0.9008 -> saved outputs\hfreq\doc\model_doc.pt
2025-12-25 11:30:19,591 | INFO | [doc] epoch=3 loss=0.4405 val_auroc=0.9135
2025-12-25 11:30:19,598 | INFO | [doc] New best AUROC=0.9135 -> saved outputs\hfreq\doc\model_doc.pt
2025-12-25 11:31:11,492 | INFO | [doc] epoch=4 loss=0.4109 val_auroc=0.9256
2025-12-25 11:31:11,498 | INFO | [doc] New best AUROC=0.9256 -> saved outputs\hfreq\doc\model_doc.pt
2025-12-25 11:32:00,648 | INFO | [doc] epoch=5 loss=0.3834 val_auroc=0.9359
2025-12-25 11:32:00,654 | INFO | [doc] New best AUROC=0.9359 -> saved outputs\hfreq\doc\model_doc.pt
2025-12-25 11:32:50,209 | INFO | [doc] epoch=6 loss=0.3652 val_auroc=0.9480
2025-12-25 11:32:50,217 | INFO | [doc] New best AUROC=0.9480 -> saved outputs\hfreq\doc\model_doc.pt
2025-12-25 11:34:05,612 | INFO | [doc] epoch=7 loss=0.3498 val_auroc=0.9678
2025-12-25 11:34:05,619 | INFO | [doc] New best AUROC=0.9678 -> saved outputs\hfreq\doc\model_doc.pt
2025-12-25 11:35:25,002 | INFO | [doc] epoch=8 loss=0.3231 val_auroc=0.9691
2025-12-25 11:35:25,012 | INFO | [doc] New best AUROC=0.9691 -> saved outputs\hfreq\doc\model_doc.pt
2025-12-25 11:36:47,228 | INFO | [doc] epoch=9 loss=0.3251 val_auroc=0.9799
2025-12-25 11:36:47,239 | INFO | [doc] New best AUROC=0.9799 -> saved outputs\hfreq\doc\model_doc.pt
2025-12-25 11:37:43,840 | INFO | [doc] epoch=10 loss=0.2903 val_auroc=0.9796
2025-12-25 11:38:42,236 | INFO | [doc] epoch=11 loss=0.2884 val_auroc=0.9797
2025-12-25 11:39:19,050 | INFO | [doc] epoch=12 loss=0.2770 val_auroc=0.9836
2025-12-25 11:39:19,053 | INFO | [doc] New best AUROC=0.9836 -> saved outputs\hfreq\doc\model_doc.pt
2025-12-25 11:39:44,440 | INFO | [doc] epoch=13 loss=0.2525 val_auroc=0.9893
2025-12-25 11:39:44,443 | INFO | [doc] New best AUROC=0.9893 -> saved outputs\hfreq\doc\model_doc.pt
2025-12-25 11:40:09,612 | INFO | [doc] epoch=14 loss=0.2328 val_auroc=0.9882
2025-12-25 11:40:34,877 | INFO | [doc] epoch=15 loss=0.2192 val_auroc=0.9908
2025-12-25 11:40:34,880 | INFO | [doc] New best AUROC=0.9908 -> saved outputs\hfreq\doc\model_doc.pt
2025-12-25 11:41:02,689 | INFO | [doc] epoch=16 loss=0.2100 val_auroc=0.9952
2025-12-25 11:41:02,694 | INFO | [doc] New best AUROC=0.9952 -> saved outputs\hfreq\doc\model_doc.pt
2025-12-25 11:41:29,995 | INFO | [doc] epoch=17 loss=0.2074 val_auroc=0.9948
2025-12-25 11:41:55,299 | INFO | [doc] epoch=18 loss=0.1844 val_auroc=0.9962
2025-12-25 11:41:55,302 | INFO | [doc] New best AUROC=0.9962 -> saved outputs\hfreq\doc\model_doc.pt
2025-12-25 11:42:20,420 | INFO | [doc] epoch=19 loss=0.1743 val_auroc=0.9986
2025-12-25 11:42:20,423 | INFO | [doc] New best AUROC=0.9986 -> saved outputs\hfreq\doc\model_doc.pt
2025-12-25 11:43:21,483 | INFO | [doc] epoch=20 loss=0.1588 val_auroc=0.9963
2025-12-25 11:43:47,434 | INFO | [doc] epoch=21 loss=0.1738 val_auroc=0.9987
2025-12-25 11:44:15,818 | INFO | [doc] epoch=22 loss=0.1545 val_auroc=0.9993
2025-12-25 11:44:15,823 | INFO | [doc] New best AUROC=0.9993 -> saved outputs\hfreq\doc\model_doc.pt
2025-12-25 11:44:44,270 | INFO | [doc] epoch=23 loss=0.1470 val_auroc=0.9988
2025-12-25 11:45:13,982 | INFO | [doc] epoch=24 loss=0.1453 val_auroc=0.9986
2025-12-25 11:45:52,327 | INFO | [doc] epoch=25 loss=0.1440 val_auroc=0.9985
2025-12-25 11:46:23,176 | INFO | [doc] epoch=26 loss=0.1518 val_auroc=0.9992
2025-12-25 11:46:50,149 | INFO | [doc] epoch=27 loss=0.1280 val_auroc=0.9996
2025-12-25 11:46:50,152 | INFO | [doc] New best AUROC=0.9996 -> saved outputs\hfreq\doc\model_doc.pt
2025-12-25 11:47:15,235 | INFO | [doc] epoch=28 loss=0.1217 val_auroc=0.9997
2025-12-25 11:47:39,102 | INFO | [doc] epoch=29 loss=0.1178 val_auroc=0.9998
2025-12-25 11:47:39,106 | INFO | [doc] New best AUROC=0.9998 -> saved outputs\hfreq\doc\model_doc.pt
2025-12-25 11:48:03,624 | INFO | [doc] epoch=30 loss=0.1170 val_auroc=0.9997
2025-12-25 11:48:03,625 | INFO | [doc] Training complete. Best AUROC=0.9998
2025-12-25 11:48:03,703 | INFO | Scoring 600 samples from data/manifests/val.csv
2025-12-25 11:48:03,703 | INFO | JPEG mode: False
2025-12-25 11:48:14,076 | INFO | Wrote scores to outputs\hfreq\doc\scores_val.csv
2025-12-25 11:48:14,120 | INFO | Saved calibration to outputs\hfreq\doc\calibration.json
2025-12-25 11:48:14,144 | INFO | Scoring 600 samples from data/manifests/test_seen.csv
2025-12-25 11:48:14,144 | INFO | JPEG mode: False
2025-12-25 11:48:24,521 | INFO | Wrote scores to outputs\hfreq\doc\scores_test_seen.csv
2025-12-25 11:48:24,562 | INFO | Scoring 1497 samples from data/manifests/test_unseen.csv
2025-12-25 11:48:24,562 | INFO | JPEG mode: False
2025-12-25 11:49:22,973 | INFO | Wrote scores to outputs\hfreq\doc\scores_test_unseen.csv
2025-12-25 11:49:23,014 | INFO | Saved metrics to outputs\hfreq\doc\metrics_test_seen.json
2025-12-25 11:49:23,087 | INFO | Saved metrics to outputs\hfreq\doc\metrics_test_unseen.json
2025-12-25 11:49:23,127 | INFO | [doc] Wrote summary -> outputs\hfreq\doc\summary.json
2025-12-25 11:49:23,156 | INFO | [headshot] Train samples: 600 | Val samples: 200
2025-12-25 11:49:40,702 | INFO | [headshot] epoch=1 loss=0.6580 val_auroc=0.7804
2025-12-25 11:49:40,705 | INFO | [headshot] New best AUROC=0.7804 -> saved outputs\hfreq\headshot\model_headshot.pt
2025-12-25 11:50:07,559 | INFO | [headshot] epoch=2 loss=0.6003 val_auroc=0.7930
2025-12-25 11:50:07,565 | INFO | [headshot] New best AUROC=0.7930 -> saved outputs\hfreq\headshot\model_headshot.pt
2025-12-25 11:50:26,774 | INFO | [headshot] epoch=3 loss=0.5871 val_auroc=0.8295
2025-12-25 11:50:26,777 | INFO | [headshot] New best AUROC=0.8295 -> saved outputs\hfreq\headshot\model_headshot.pt
2025-12-25 11:50:44,752 | INFO | [headshot] epoch=4 loss=0.5503 val_auroc=0.8589
2025-12-25 11:50:44,758 | INFO | [headshot] New best AUROC=0.8589 -> saved outputs\hfreq\headshot\model_headshot.pt
2025-12-25 11:51:03,854 | INFO | [headshot] epoch=5 loss=0.5129 val_auroc=0.9081
2025-12-25 11:51:03,857 | INFO | [headshot] New best AUROC=0.9081 -> saved outputs\hfreq\headshot\model_headshot.pt
2025-12-25 11:51:21,097 | INFO | [headshot] epoch=6 loss=0.4871 val_auroc=0.9058
2025-12-25 11:51:38,901 | INFO | [headshot] epoch=7 loss=0.4672 val_auroc=0.9399
2025-12-25 11:51:38,904 | INFO | [headshot] New best AUROC=0.9399 -> saved outputs\hfreq\headshot\model_headshot.pt
2025-12-25 11:52:01,674 | INFO | [headshot] epoch=8 loss=0.4424 val_auroc=0.9326
2025-12-25 11:52:23,500 | INFO | [headshot] epoch=9 loss=0.4324 val_auroc=0.9352
2025-12-25 11:52:40,987 | INFO | [headshot] epoch=10 loss=0.4098 val_auroc=0.9435
2025-12-25 11:52:40,991 | INFO | [headshot] New best AUROC=0.9435 -> saved outputs\hfreq\headshot\model_headshot.pt
2025-12-25 11:52:58,909 | INFO | [headshot] epoch=11 loss=0.4091 val_auroc=0.9456
2025-12-25 11:52:58,912 | INFO | [headshot] New best AUROC=0.9456 -> saved outputs\hfreq\headshot\model_headshot.pt
2025-12-25 11:53:15,777 | INFO | [headshot] epoch=12 loss=0.4037 val_auroc=0.9431
2025-12-25 11:53:35,134 | INFO | [headshot] epoch=13 loss=0.3893 val_auroc=0.9433
2025-12-25 11:53:59,756 | INFO | [headshot] epoch=14 loss=0.3878 val_auroc=0.9382
2025-12-25 11:54:17,208 | INFO | [headshot] epoch=15 loss=0.3729 val_auroc=0.9451
2025-12-25 11:54:34,507 | INFO | [headshot] epoch=16 loss=0.3686 val_auroc=0.9471
2025-12-25 11:54:34,510 | INFO | [headshot] New best AUROC=0.9471 -> saved outputs\hfreq\headshot\model_headshot.pt
2025-12-25 11:54:51,854 | INFO | [headshot] epoch=17 loss=0.3709 val_auroc=0.9495
2025-12-25 11:54:51,858 | INFO | [headshot] New best AUROC=0.9495 -> saved outputs\hfreq\headshot\model_headshot.pt
2025-12-25 11:55:09,264 | INFO | [headshot] epoch=18 loss=0.3551 val_auroc=0.9491
2025-12-25 11:55:26,331 | INFO | [headshot] epoch=19 loss=0.3437 val_auroc=0.9509
2025-12-25 11:55:26,335 | INFO | [headshot] New best AUROC=0.9509 -> saved outputs\hfreq\headshot\model_headshot.pt
2025-12-25 11:55:43,572 | INFO | [headshot] epoch=20 loss=0.3322 val_auroc=0.9473
2025-12-25 11:56:00,910 | INFO | [headshot] epoch=21 loss=0.3544 val_auroc=0.9478
2025-12-25 11:56:18,850 | INFO | [headshot] epoch=22 loss=0.3352 val_auroc=0.9525
2025-12-25 11:56:18,853 | INFO | [headshot] New best AUROC=0.9525 -> saved outputs\hfreq\headshot\model_headshot.pt
2025-12-25 11:56:36,051 | INFO | [headshot] epoch=23 loss=0.3305 val_auroc=0.9528
2025-12-25 11:56:36,055 | INFO | [headshot] New best AUROC=0.9528 -> saved outputs\hfreq\headshot\model_headshot.pt
2025-12-25 11:56:53,453 | INFO | [headshot] epoch=24 loss=0.3229 val_auroc=0.9557
2025-12-25 11:56:53,456 | INFO | [headshot] New best AUROC=0.9557 -> saved outputs\hfreq\headshot\model_headshot.pt
2025-12-25 11:57:10,817 | INFO | [headshot] epoch=25 loss=0.3209 val_auroc=0.9578
2025-12-25 11:57:10,820 | INFO | [headshot] New best AUROC=0.9578 -> saved outputs\hfreq\headshot\model_headshot.pt
2025-12-25 11:57:27,856 | INFO | [headshot] epoch=26 loss=0.3290 val_auroc=0.9574
2025-12-25 11:57:45,088 | INFO | [headshot] epoch=27 loss=0.3108 val_auroc=0.9536
2025-12-25 11:58:02,878 | INFO | [headshot] epoch=28 loss=0.3133 val_auroc=0.9588
2025-12-25 11:58:02,881 | INFO | [headshot] New best AUROC=0.9588 -> saved outputs\hfreq\headshot\model_headshot.pt
2025-12-25 11:58:21,355 | INFO | [headshot] epoch=29 loss=0.3000 val_auroc=0.9585
2025-12-25 11:58:40,080 | INFO | [headshot] epoch=30 loss=0.2987 val_auroc=0.9613
2025-12-25 11:58:40,083 | INFO | [headshot] New best AUROC=0.9613 -> saved outputs\hfreq\headshot\model_headshot.pt
2025-12-25 11:58:40,083 | INFO | [headshot] Training complete. Best AUROC=0.9613
2025-12-25 11:58:40,140 | INFO | Scoring 600 samples from data/manifests/val.csv
2025-12-25 11:58:40,140 | INFO | JPEG mode: False
2025-12-25 11:58:50,657 | INFO | Wrote scores to outputs\hfreq\headshot\scores_val.csv
2025-12-25 11:58:50,684 | INFO | Saved calibration to outputs\hfreq\headshot\calibration.json
2025-12-25 11:58:50,687 | INFO | Scoring 600 samples from data/manifests/test_seen.csv
2025-12-25 11:58:50,687 | INFO | JPEG mode: False
2025-12-25 11:59:01,421 | INFO | Wrote scores to outputs\hfreq\headshot\scores_test_seen.csv
2025-12-25 11:59:01,426 | INFO | Scoring 1497 samples from data/manifests/test_unseen.csv
2025-12-25 11:59:01,426 | INFO | JPEG mode: False
2025-12-25 11:59:59,724 | INFO | Wrote scores to outputs\hfreq\headshot\scores_test_unseen.csv
2025-12-25 11:59:59,778 | INFO | Saved metrics to outputs\hfreq\headshot\metrics_test_seen.json
2025-12-25 11:59:59,811 | INFO | Saved metrics to outputs\hfreq\headshot\metrics_test_unseen.json
2025-12-25 11:59:59,847 | INFO | [headshot] Wrote summary -> outputs\hfreq\headshot\summary.json
2025-12-25 11:59:59,856 | INFO | [scene] Train samples: 600 | Val samples: 200
2025-12-25 12:00:17,286 | INFO | [scene] epoch=1 loss=0.5073 val_auroc=0.9996
2025-12-25 12:00:17,290 | INFO | [scene] New best AUROC=0.9996 -> saved outputs\hfreq\scene\model_scene.pt
2025-12-25 12:00:34,503 | INFO | [scene] epoch=2 loss=0.3049 val_auroc=0.9993
2025-12-25 12:00:51,809 | INFO | [scene] epoch=3 loss=0.2364 val_auroc=1.0000
2025-12-25 12:00:51,813 | INFO | [scene] New best AUROC=1.0000 -> saved outputs\hfreq\scene\model_scene.pt
2025-12-25 12:01:09,031 | INFO | [scene] epoch=4 loss=0.1692 val_auroc=1.0000
2025-12-25 12:01:26,579 | INFO | [scene] epoch=5 loss=0.1363 val_auroc=1.0000
2025-12-25 12:01:43,890 | INFO | [scene] epoch=6 loss=0.1205 val_auroc=1.0000
2025-12-25 12:02:01,225 | INFO | [scene] epoch=7 loss=0.1195 val_auroc=1.0000
2025-12-25 12:02:18,934 | INFO | [scene] epoch=8 loss=0.0961 val_auroc=1.0000
2025-12-25 12:02:18,934 | INFO | [scene] Early stopping.
2025-12-25 12:02:18,935 | INFO | [scene] Training complete. Best AUROC=1.0000
2025-12-25 12:02:18,983 | INFO | Scoring 600 samples from data/manifests/val.csv
2025-12-25 12:02:18,984 | INFO | JPEG mode: False
2025-12-25 12:02:29,606 | INFO | Wrote scores to outputs\hfreq\scene\scores_val.csv
2025-12-25 12:02:29,643 | INFO | Saved calibration to outputs\hfreq\scene\calibration.json
2025-12-25 12:02:29,645 | INFO | Scoring 600 samples from data/manifests/test_seen.csv
2025-12-25 12:02:29,646 | INFO | JPEG mode: False
2025-12-25 12:02:40,262 | INFO | Wrote scores to outputs\hfreq\scene\scores_test_seen.csv
2025-12-25 12:02:40,266 | INFO | Scoring 1497 samples from data/manifests/test_unseen.csv
2025-12-25 12:02:40,266 | INFO | JPEG mode: False
2025-12-25 12:03:38,241 | INFO | Wrote scores to outputs\hfreq\scene\scores_test_unseen.csv
2025-12-25 12:03:38,299 | INFO | Saved metrics to outputs\hfreq\scene\metrics_test_seen.json
2025-12-25 12:03:38,333 | INFO | Saved metrics to outputs\hfreq\scene\metrics_test_unseen.json
2025-12-25 12:03:38,367 | INFO | [scene] Wrote summary -> outputs\hfreq\scene\summary.json
2025-12-25 12:03:38,367 | INFO | ==== hfreq full PNG pipeline complete ====
2025-12-25 12:03:38,367 | INFO | Next: run `python runners/run_hfreq.py --jpeg` after JPEG-90 images are created.
2025-12-25 12:03:38,367 | INFO | ==== done ====
