2025-12-25 12:37:05,641 | INFO | Logging to outputs\dire\log\dire_run_20251225_123705.log
2025-12-25 12:37:05,641 | INFO | ========================================
2025-12-25 12:37:05,641 | INFO | Starting DIRE benchmark
2025-12-25 12:37:05,641 | INFO | Checkpoint: detectors/checkpoints/imagenet_adm.pth
2025-12-25 12:37:05,641 | INFO | Architecture: resnet50
2025-12-25 12:37:05,641 | INFO | Use CPU: False
2025-12-25 12:37:05,641 | INFO | JPEG-only mode: False
2025-12-25 12:37:05,642 | INFO | FPR targets: [0.01, 0.001]
2025-12-25 12:37:05,642 | INFO | ========================================
2025-12-25 12:37:06,247 | INFO | [PNG] Scenario: doc
2025-12-25 12:37:06,251 | INFO | Scenario filter applied: doc
2025-12-25 12:37:06,251 | INFO | Scoring 200 samples from data/manifests/val.csv
2025-12-25 12:37:06,251 | INFO | JPEG mode: False
2025-12-25 12:37:12,807 | INFO | Wrote scores to outputs\dire\doc\scores_val.csv
2025-12-25 12:37:12,828 | INFO | Saved calibration to outputs\dire\doc\calibration.json
2025-12-25 12:37:12,831 | INFO | Scenario filter applied: doc
2025-12-25 12:37:12,832 | INFO | Scoring 200 samples from data/manifests/test_seen.csv
2025-12-25 12:37:12,832 | INFO | JPEG mode: False
2025-12-25 12:37:19,672 | INFO | Wrote scores to outputs\dire\doc\scores_test_seen.csv
2025-12-25 12:37:19,681 | INFO | Scenario filter applied: doc
2025-12-25 12:37:19,684 | INFO | Scoring 499 samples from data/manifests/test_unseen.csv
2025-12-25 12:37:19,684 | INFO | JPEG mode: False
2025-12-25 12:37:39,970 | INFO | Wrote scores to outputs\dire\doc\scores_test_unseen.csv
2025-12-25 12:37:39,998 | INFO | Saved metrics to outputs\dire\doc\metrics_test_seen.json
2025-12-25 12:37:40,016 | INFO | Saved metrics to outputs\dire\doc\metrics_test_unseen.json
2025-12-25 12:37:40,040 | INFO | [PNG] Completed scenario 'doc'
2025-12-25 12:37:40,041 | INFO | [PNG] Scenario: headshot
2025-12-25 12:37:40,044 | INFO | Scenario filter applied: headshot
2025-12-25 12:37:40,045 | INFO | Scoring 200 samples from data/manifests/val.csv
2025-12-25 12:37:40,045 | INFO | JPEG mode: False
2025-12-25 12:37:43,136 | INFO | Wrote scores to outputs\dire\headshot\scores_val.csv
2025-12-25 12:37:43,152 | INFO | Saved calibration to outputs\dire\headshot\calibration.json
2025-12-25 12:37:43,155 | INFO | Scenario filter applied: headshot
2025-12-25 12:37:43,156 | INFO | Scoring 200 samples from data/manifests/test_seen.csv
2025-12-25 12:37:43,156 | INFO | JPEG mode: False
2025-12-25 12:37:45,886 | INFO | Wrote scores to outputs\dire\headshot\scores_test_seen.csv
2025-12-25 12:37:45,892 | INFO | Scenario filter applied: headshot
2025-12-25 12:37:45,893 | INFO | Scoring 499 samples from data/manifests/test_unseen.csv
2025-12-25 12:37:45,893 | INFO | JPEG mode: False
2025-12-25 12:38:07,178 | INFO | Wrote scores to outputs\dire\headshot\scores_test_unseen.csv
2025-12-25 12:38:07,203 | INFO | Saved metrics to outputs\dire\headshot\metrics_test_seen.json
2025-12-25 12:38:07,221 | INFO | Saved metrics to outputs\dire\headshot\metrics_test_unseen.json
2025-12-25 12:38:07,248 | INFO | [PNG] Completed scenario 'headshot'
2025-12-25 12:38:07,248 | INFO | [PNG] Scenario: scene
2025-12-25 12:38:07,251 | INFO | Scenario filter applied: scene
2025-12-25 12:38:07,252 | INFO | Scoring 200 samples from data/manifests/val.csv
2025-12-25 12:38:07,252 | INFO | JPEG mode: False
2025-12-25 12:38:09,350 | INFO | Wrote scores to outputs\dire\scene\scores_val.csv
2025-12-25 12:38:09,367 | INFO | Saved calibration to outputs\dire\scene\calibration.json
2025-12-25 12:38:09,372 | INFO | Scenario filter applied: scene
2025-12-25 12:38:09,372 | INFO | Scoring 200 samples from data/manifests/test_seen.csv
2025-12-25 12:38:09,372 | INFO | JPEG mode: False
2025-12-25 12:38:11,317 | INFO | Wrote scores to outputs\dire\scene\scores_test_seen.csv
2025-12-25 12:38:11,325 | INFO | Scenario filter applied: scene
2025-12-25 12:38:11,326 | INFO | Scoring 499 samples from data/manifests/test_unseen.csv
2025-12-25 12:38:11,326 | INFO | JPEG mode: False
2025-12-25 12:38:35,298 | INFO | Wrote scores to outputs\dire\scene\scores_test_unseen.csv
2025-12-25 12:38:35,336 | INFO | Saved metrics to outputs\dire\scene\metrics_test_seen.json
2025-12-25 12:38:35,353 | INFO | Saved metrics to outputs\dire\scene\metrics_test_unseen.json
2025-12-25 12:38:35,365 | INFO | [PNG] Completed scenario 'scene'
2025-12-25 12:38:35,365 | INFO | ========================================
2025-12-25 12:38:35,365 | INFO | DIRE PNG evaluation complete
2025-12-25 12:38:35,366 | INFO | Next: run with --jpeg after JPEG-90 generation
2025-12-25 12:38:35,366 | INFO | ========================================
