2025-12-25 14:44:46,459 | INFO | Logging to outputs\dire\log\dire_run_20251225_144446.log
2025-12-25 14:44:46,908 | INFO | Scenario filter applied: doc
2025-12-25 14:44:46,908 | INFO | Scoring 200 samples from data/manifests/val.csv
2025-12-25 14:44:46,908 | INFO | JPEG mode: False
2025-12-25 14:44:54,397 | INFO | Wrote scores to outputs\dire\doc\scores_val.csv
2025-12-25 14:44:54,419 | INFO | Saved calibration to outputs\dire\doc\calibration.json
2025-12-25 14:44:54,422 | INFO | Scenario filter applied: doc
2025-12-25 14:44:54,422 | INFO | Scoring 200 samples from data/manifests/test_seen.csv
2025-12-25 14:44:54,427 | INFO | JPEG mode: False
2025-12-25 14:45:01,454 | INFO | Wrote scores to outputs\dire\doc\scores_test_seen.csv
2025-12-25 14:45:01,485 | INFO | Saved metrics to outputs\dire\doc\metrics_test_seen.json
2025-12-25 14:45:01,492 | INFO | Scenario filter applied: doc
2025-12-25 14:45:01,492 | INFO | Scoring 499 samples from data/manifests/test_unseen.csv
2025-12-25 14:45:01,493 | INFO | JPEG mode: False
2025-12-25 14:45:22,290 | INFO | Wrote scores to outputs\dire\doc\scores_test_unseen.csv
2025-12-25 14:45:22,339 | INFO | Saved metrics to outputs\dire\doc\metrics_test_unseen_nano25.json
2025-12-25 14:45:22,360 | INFO | Saved metrics to outputs\dire\doc\metrics_test_unseen_nanopro.json
2025-12-25 14:45:22,374 | INFO | Scenario filter applied: headshot
2025-12-25 14:45:22,374 | INFO | Scoring 200 samples from data/manifests/val.csv
2025-12-25 14:45:22,374 | INFO | JPEG mode: False
2025-12-25 14:45:25,460 | INFO | Wrote scores to outputs\dire\headshot\scores_val.csv
2025-12-25 14:45:25,476 | INFO | Saved calibration to outputs\dire\headshot\calibration.json
2025-12-25 14:45:25,481 | INFO | Scenario filter applied: headshot
2025-12-25 14:45:25,482 | INFO | Scoring 200 samples from data/manifests/test_seen.csv
2025-12-25 14:45:25,482 | INFO | JPEG mode: False
2025-12-25 14:45:28,216 | INFO | Wrote scores to outputs\dire\headshot\scores_test_seen.csv
2025-12-25 14:45:28,231 | INFO | Saved metrics to outputs\dire\headshot\metrics_test_seen.json
2025-12-25 14:45:28,237 | INFO | Scenario filter applied: headshot
2025-12-25 14:45:28,238 | INFO | Scoring 499 samples from data/manifests/test_unseen.csv
2025-12-25 14:45:28,238 | INFO | JPEG mode: False
2025-12-25 14:45:49,885 | INFO | Wrote scores to outputs\dire\headshot\scores_test_unseen.csv
2025-12-25 14:45:49,932 | INFO | Saved metrics to outputs\dire\headshot\metrics_test_unseen_nano25.json
2025-12-25 14:45:49,961 | INFO | Saved metrics to outputs\dire\headshot\metrics_test_unseen_nanopro.json
2025-12-25 14:45:49,968 | INFO | Scenario filter applied: scene
2025-12-25 14:45:49,968 | INFO | Scoring 200 samples from data/manifests/val.csv
2025-12-25 14:45:49,968 | INFO | JPEG mode: False
2025-12-25 14:45:52,180 | INFO | Wrote scores to outputs\dire\scene\scores_val.csv
2025-12-25 14:45:52,198 | INFO | Saved calibration to outputs\dire\scene\calibration.json
2025-12-25 14:45:52,200 | INFO | Scenario filter applied: scene
2025-12-25 14:45:52,200 | INFO | Scoring 200 samples from data/manifests/test_seen.csv
2025-12-25 14:45:52,200 | INFO | JPEG mode: False
2025-12-25 14:45:54,174 | INFO | Wrote scores to outputs\dire\scene\scores_test_seen.csv
2025-12-25 14:45:54,199 | INFO | Saved metrics to outputs\dire\scene\metrics_test_seen.json
2025-12-25 14:45:54,205 | INFO | Scenario filter applied: scene
2025-12-25 14:45:54,205 | INFO | Scoring 499 samples from data/manifests/test_unseen.csv
2025-12-25 14:45:54,205 | INFO | JPEG mode: False
2025-12-25 14:46:15,968 | INFO | Wrote scores to outputs\dire\scene\scores_test_unseen.csv
2025-12-25 14:46:16,005 | INFO | Saved metrics to outputs\dire\scene\metrics_test_unseen_nano25.json
2025-12-25 14:46:16,023 | INFO | Saved metrics to outputs\dire\scene\metrics_test_unseen_nanopro.json
