2025-12-25 14:08:03,167 | INFO | Logging to outputs\dire\log\dire_run_20251225_140803.log
2025-12-25 14:08:03,591 | INFO | Scenario filter applied: doc
2025-12-25 14:08:03,591 | INFO | Scoring 200 samples from data/manifests/val.csv
2025-12-25 14:08:03,591 | INFO | JPEG mode: False
2025-12-25 14:08:10,364 | INFO | Wrote scores to outputs\dire\doc\scores_val.csv
2025-12-25 14:08:10,382 | INFO | Saved calibration to outputs\dire\doc\calibration.json
2025-12-25 14:08:10,386 | INFO | Scenario filter applied: doc
2025-12-25 14:08:10,386 | INFO | Scoring 200 samples from data/manifests/test_seen.csv
2025-12-25 14:08:10,391 | INFO | JPEG mode: False
2025-12-25 14:08:17,424 | INFO | Wrote scores to outputs\dire\doc\scores_test_seen.csv
2025-12-25 14:08:17,445 | INFO | Saved metrics to outputs\dire\doc\metrics_test_seen.json
2025-12-25 14:08:17,453 | INFO | Scenario filter applied: doc
2025-12-25 14:08:17,454 | INFO | Scoring 499 samples from data/manifests/test_unseen.csv
2025-12-25 14:08:17,454 | INFO | JPEG mode: False
2025-12-25 14:08:38,880 | INFO | Wrote scores to outputs\dire\doc\scores_test_unseen.csv
2025-12-25 14:08:38,926 | INFO | Saved metrics to outputs\dire\doc\metrics_test_unseen_nano25.json
2025-12-25 14:08:38,966 | INFO | Saved metrics to outputs\dire\doc\metrics_test_unseen_nanopro.json
2025-12-25 14:08:38,992 | INFO | Scenario filter applied: headshot
2025-12-25 14:08:38,992 | INFO | Scoring 200 samples from data/manifests/val.csv
2025-12-25 14:08:38,993 | INFO | JPEG mode: False
2025-12-25 14:08:42,312 | INFO | Wrote scores to outputs\dire\headshot\scores_val.csv
2025-12-25 14:08:42,327 | INFO | Saved calibration to outputs\dire\headshot\calibration.json
2025-12-25 14:08:42,330 | INFO | Scenario filter applied: headshot
2025-12-25 14:08:42,330 | INFO | Scoring 200 samples from data/manifests/test_seen.csv
2025-12-25 14:08:42,331 | INFO | JPEG mode: False
2025-12-25 14:08:45,139 | INFO | Wrote scores to outputs\dire\headshot\scores_test_seen.csv
2025-12-25 14:08:45,166 | INFO | Saved metrics to outputs\dire\headshot\metrics_test_seen.json
2025-12-25 14:08:45,172 | INFO | Scenario filter applied: headshot
2025-12-25 14:08:45,172 | INFO | Scoring 499 samples from data/manifests/test_unseen.csv
2025-12-25 14:08:45,172 | INFO | JPEG mode: False
2025-12-25 14:09:06,486 | INFO | Wrote scores to outputs\dire\headshot\scores_test_unseen.csv
2025-12-25 14:09:06,530 | INFO | Saved metrics to outputs\dire\headshot\metrics_test_unseen_nano25.json
2025-12-25 14:09:06,562 | INFO | Saved metrics to outputs\dire\headshot\metrics_test_unseen_nanopro.json
2025-12-25 14:09:06,577 | INFO | Scenario filter applied: scene
2025-12-25 14:09:06,578 | INFO | Scoring 200 samples from data/manifests/val.csv
2025-12-25 14:09:06,578 | INFO | JPEG mode: False
2025-12-25 14:09:08,731 | INFO | Wrote scores to outputs\dire\scene\scores_val.csv
2025-12-25 14:09:08,755 | INFO | Saved calibration to outputs\dire\scene\calibration.json
2025-12-25 14:09:08,759 | INFO | Scenario filter applied: scene
2025-12-25 14:09:08,759 | INFO | Scoring 200 samples from data/manifests/test_seen.csv
2025-12-25 14:09:08,759 | INFO | JPEG mode: False
2025-12-25 14:09:10,761 | INFO | Wrote scores to outputs\dire\scene\scores_test_seen.csv
2025-12-25 14:09:10,780 | INFO | Saved metrics to outputs\dire\scene\metrics_test_seen.json
2025-12-25 14:09:10,788 | INFO | Scenario filter applied: scene
2025-12-25 14:09:10,788 | INFO | Scoring 499 samples from data/manifests/test_unseen.csv
2025-12-25 14:09:10,789 | INFO | JPEG mode: False
2025-12-25 14:09:32,423 | INFO | Wrote scores to outputs\dire\scene\scores_test_unseen.csv
2025-12-25 14:09:32,466 | INFO | Saved metrics to outputs\dire\scene\metrics_test_unseen_nano25.json
2025-12-25 14:09:32,499 | INFO | Saved metrics to outputs\dire\scene\metrics_test_unseen_nanopro.json
